Warning: ignoring unsupported tag `ALLOW_UNICODE_NAMES    =' at line 79, file /home/travis/build/echo-team/Snoke/Doxyfile
Warning: ignoring unsupported tag `OUTPUT_TEXT_DIRECTION  =' at line 102, file /home/travis/build/echo-team/Snoke/Doxyfile
Warning: ignoring unsupported tag `OPTIMIZE_OUTPUT_SLICE  =' at line 296, file /home/travis/build/echo-team/Snoke/Doxyfile
Warning: ignoring unsupported tag `TOC_INCLUDE_HEADINGS   =' at line 335, file /home/travis/build/echo-team/Snoke/Doxyfile
Warning: ignoring unsupported tag `GROUP_NESTED_COMPOUNDS =' at line 392, file /home/travis/build/echo-team/Snoke/Doxyfile
Warning: ignoring unsupported tag `HIDE_COMPOUND_REFERENCE=' at line 563, file /home/travis/build/echo-team/Snoke/Doxyfile
Warning: ignoring unsupported tag `WARN_AS_ERROR          =' at line 788, file /home/travis/build/echo-team/Snoke/Doxyfile
Warning: ignoring unsupported tag `HTML_DYNAMIC_MENUS     =' at line 1260, file /home/travis/build/echo-team/Snoke/Doxyfile
Warning: ignoring unsupported tag `LATEX_MAKEINDEX_CMD    =' at line 1724, file /home/travis/build/echo-team/Snoke/Doxyfile
Warning: ignoring unsupported tag `LATEX_EXTRA_STYLESHEET =' at line 1791, file /home/travis/build/echo-team/Snoke/Doxyfile
Warning: ignoring unsupported tag `LATEX_TIMESTAMP        =' at line 1858, file /home/travis/build/echo-team/Snoke/Doxyfile
Warning: ignoring unsupported tag `LATEX_EMOJI_DIRECTORY  =' at line 1866, file /home/travis/build/echo-team/Snoke/Doxyfile
Warning: ignoring unsupported tag `RTF_SOURCE_CODE        =' at line 1932, file /home/travis/build/echo-team/Snoke/Doxyfile
Warning: ignoring unsupported tag `MAN_SUBDIR             =' at line 1967, file /home/travis/build/echo-team/Snoke/Doxyfile
Warning: ignoring unsupported tag `XML_NS_MEMB_FILE_SCOPE =' at line 2010, file /home/travis/build/echo-team/Snoke/Doxyfile
Warning: ignoring unsupported tag `DOCBOOK_PROGRAMLISTING =' at line 2037, file /home/travis/build/echo-team/Snoke/Doxyfile
Warning: ignoring unsupported tag `PLANTUML_JAR_PATH      =' at line 2466, file /home/travis/build/echo-team/Snoke/Doxyfile
Warning: ignoring unsupported tag `PLANTUML_CFG_FILE      =' at line 2471, file /home/travis/build/echo-team/Snoke/Doxyfile
Warning: ignoring unsupported tag `PLANTUML_INCLUDE_PATH  =' at line 2476, file /home/travis/build/echo-team/Snoke/Doxyfile
Searching for include files...
Searching for example files...
Searching for images...
Searching for dot files...
Searching for msc files...
Searching for dia files...
Searching for files to exclude
Searching for files to process...
Searching for files in directory /home/travis/build/echo-team/Snoke
Searching for files in directory /home/travis/build/echo-team/Snoke/app
Searching for files in directory /home/travis/build/echo-team/Snoke/app/Ball
Searching for files in directory /home/travis/build/echo-team/Snoke/app/bin
Searching for files in directory /home/travis/build/echo-team/Snoke/app/Common
Searching for files in directory /home/travis/build/echo-team/Snoke/app/Game
Searching for files in directory /home/travis/build/echo-team/Snoke/app/Interface
Searching for files in directory /home/travis/build/echo-team/Snoke/app/Labyrinth
Searching for files in directory /home/travis/build/echo-team/Snoke/app/obj
Searching for files in directory /home/travis/build/echo-team/Snoke/app/Screens
Searching for files in directory /home/travis/build/echo-team/Snoke/app/SideMenu
Searching for files in directory /home/travis/build/echo-team/Snoke/app/Snake
Searching for files in directory /home/travis/build/echo-team/Snoke/bw-output
Searching for files in directory /home/travis/build/echo-team/Snoke/code_docs
Searching for files in directory /home/travis/build/echo-team/Snoke/code_docs/Snoke
Searching for files in directory /home/travis/build/echo-team/Snoke/external
Searching for files in directory /home/travis/build/echo-team/Snoke/tests
Reading and parsing tag files
Parsing files
Preprocessing /home/travis/build/echo-team/Snoke/app/Ball/ball.cpp...
Parsing file /home/travis/build/echo-team/Snoke/app/Ball/ball.cpp...
Preprocessing /home/travis/build/echo-team/Snoke/app/Ball/ball.h...
Parsing file /home/travis/build/echo-team/Snoke/app/Ball/ball.h...
Preprocessing /home/travis/build/echo-team/Snoke/app/Common/common.cpp...
Parsing file /home/travis/build/echo-team/Snoke/app/Common/common.cpp...
Preprocessing /home/travis/build/echo-team/Snoke/app/Common/common.h...
Parsing file /home/travis/build/echo-team/Snoke/app/Common/common.h...
Preprocessing /home/travis/build/echo-team/Snoke/app/Game/game.cpp...
Parsing file /home/travis/build/echo-team/Snoke/app/Game/game.cpp...
Preprocessing /home/travis/build/echo-team/Snoke/app/Game/game.h...
Parsing file /home/travis/build/echo-team/Snoke/app/Game/game.h...
Preprocessing /home/travis/build/echo-team/Snoke/app/Interface/interface.cpp...
Parsing file /home/travis/build/echo-team/Snoke/app/Interface/interface.cpp...
Preprocessing /home/travis/build/echo-team/Snoke/app/Interface/interface.h...
Parsing file /home/travis/build/echo-team/Snoke/app/Interface/interface.h...
Preprocessing /home/travis/build/echo-team/Snoke/app/Interface/logo.cpp...
Parsing file /home/travis/build/echo-team/Snoke/app/Interface/logo.cpp...
Preprocessing /home/travis/build/echo-team/Snoke/app/Interface/logo.h...
Parsing file /home/travis/build/echo-team/Snoke/app/Interface/logo.h...
Preprocessing /home/travis/build/echo-team/Snoke/app/Interface/menu.cpp...
Parsing file /home/travis/build/echo-team/Snoke/app/Interface/menu.cpp...
Preprocessing /home/travis/build/echo-team/Snoke/app/Interface/menu.h...
Parsing file /home/travis/build/echo-team/Snoke/app/Interface/menu.h...
Preprocessing /home/travis/build/echo-team/Snoke/app/Interface/navigator.cpp...
Parsing file /home/travis/build/echo-team/Snoke/app/Interface/navigator.cpp...
Preprocessing /home/travis/build/echo-team/Snoke/app/Interface/navigator.h...
Parsing file /home/travis/build/echo-team/Snoke/app/Interface/navigator.h...
Preprocessing /home/travis/build/echo-team/Snoke/app/Labyrinth/labyrinth.cpp...
Parsing file /home/travis/build/echo-team/Snoke/app/Labyrinth/labyrinth.cpp...
Preprocessing /home/travis/build/echo-team/Snoke/app/Labyrinth/labyrinth.h...
Parsing file /home/travis/build/echo-team/Snoke/app/Labyrinth/labyrinth.h...
Preprocessing /home/travis/build/echo-team/Snoke/app/Main.cpp...
Parsing file /home/travis/build/echo-team/Snoke/app/Main.cpp...
Preprocessing /home/travis/build/echo-team/Snoke/app/Screens/mainMenu.cpp...
Parsing file /home/travis/build/echo-team/Snoke/app/Screens/mainMenu.cpp...
Preprocessing /home/travis/build/echo-team/Snoke/app/Screens/mainMenu.h...
Parsing file /home/travis/build/echo-team/Snoke/app/Screens/mainMenu.h...
Preprocessing /home/travis/build/echo-team/Snoke/app/SideMenu/SideMenu.cpp...
Parsing file /home/travis/build/echo-team/Snoke/app/SideMenu/SideMenu.cpp...
Preprocessing /home/travis/build/echo-team/Snoke/app/SideMenu/SideMenu.h...
Parsing file /home/travis/build/echo-team/Snoke/app/SideMenu/SideMenu.h...
Preprocessing /home/travis/build/echo-team/Snoke/app/Snake/snake.cpp...
Parsing file /home/travis/build/echo-team/Snoke/app/Snake/snake.cpp...
Preprocessing /home/travis/build/echo-team/Snoke/app/Snake/snake.h...
Parsing file /home/travis/build/echo-team/Snoke/app/Snake/snake.h...
Reading /home/travis/build/echo-team/Snoke/README.md...
Preprocessing /home/travis/build/echo-team/Snoke/tests/ball_generateball_test.h...
Parsing file /home/travis/build/echo-team/Snoke/tests/ball_generateball_test.h...
Preprocessing /home/travis/build/echo-team/Snoke/tests/ball_init_test.h...
Parsing file /home/travis/build/echo-team/Snoke/tests/ball_init_test.h...
Preprocessing /home/travis/build/echo-team/Snoke/tests/game_init_test.h...
Parsing file /home/travis/build/echo-team/Snoke/tests/game_init_test.h...
Preprocessing /home/travis/build/echo-team/Snoke/tests/labyrinth_addsnake_test.h...
Parsing file /home/travis/build/echo-team/Snoke/tests/labyrinth_addsnake_test.h...
Preprocessing /home/travis/build/echo-team/Snoke/tests/labyrinth_setlabyrinth_test.h...
Parsing file /home/travis/build/echo-team/Snoke/tests/labyrinth_setlabyrinth_test.h...
Preprocessing /home/travis/build/echo-team/Snoke/tests/main.cpp...
Parsing file /home/travis/build/echo-team/Snoke/tests/main.cpp...
Preprocessing /home/travis/build/echo-team/Snoke/tests/shared.h...
Parsing file /home/travis/build/echo-team/Snoke/tests/shared.h...
Preprocessing /home/travis/build/echo-team/Snoke/tests/snake_init_test.h...
Parsing file /home/travis/build/echo-team/Snoke/tests/snake_init_test.h...
Preprocessing /home/travis/build/echo-team/Snoke/tests/snake_setdirection_test.h...
Parsing file /home/travis/build/echo-team/Snoke/tests/snake_setdirection_test.h...
Building group list...
Building directory list...
Building namespace list...
Building file list...
Building class list...
Associating documentation with classes...
Computing nesting relations for classes...
Building example list...
Searching for enumerations...
Searching for documented typedefs...
Searching for members imported via using declarations...
Searching for included using directives...
Searching for documented variables...
Building interface member list...
Building member list...
Searching for friends...
Searching for documented defines...
Computing class inheritance relations...
Computing class usage relations...
Flushing cached template relations that have become invalid...
Creating members for template instances...
Computing class relations...
Add enum values to enums...
Searching for member function documentation...
Building page list...
Search for main page...
Computing page relations...
Determining the scope of groups...
Sorting lists...
Freeing entry tree
Determining which enums are documented
Computing member relations...
Building full member lists recursively...
Adding members to member groups.
Computing member references...
Inheriting documentation...
Generating disk names...
Adding source references...
Adding xrefitems...
Sorting member lists...
Computing dependencies between directories...
Generating citations page...
Counting data structures...
Resolving user defined references...
Finding anchors and sections in the documentation...
Transferring function references...
Combining using relations...
Adding members to index pages...
Generating style sheet...
Generating search indices...
Generating example documentation...
Generating file sources...
Generating code for file /home/travis/build/echo-team/Snoke/app/Ball/ball.cpp...
Generating code for file /home/travis/build/echo-team/Snoke/app/Ball/ball.h...
Generating code for file /home/travis/build/echo-team/Snoke/app/Common/common.cpp...
Generating code for file /home/travis/build/echo-team/Snoke/app/Common/common.h...
Generating code for file /home/travis/build/echo-team/Snoke/app/Game/game.cpp...
Generating code for file /home/travis/build/echo-team/Snoke/app/Game/game.h...
Generating code for file /home/travis/build/echo-team/Snoke/app/Interface/interface.cpp...
Generating code for file /home/travis/build/echo-team/Snoke/app/Interface/interface.h...
Generating code for file /home/travis/build/echo-team/Snoke/app/Interface/logo.cpp...
Generating code for file /home/travis/build/echo-team/Snoke/app/Interface/logo.h...
Generating code for file /home/travis/build/echo-team/Snoke/app/Interface/menu.cpp...
Generating code for file /home/travis/build/echo-team/Snoke/app/Interface/menu.h...
Generating code for file /home/travis/build/echo-team/Snoke/app/Interface/navigator.cpp...
Generating code for file /home/travis/build/echo-team/Snoke/app/Interface/navigator.h...
Generating code for file /home/travis/build/echo-team/Snoke/app/Labyrinth/labyrinth.cpp...
Generating code for file /home/travis/build/echo-team/Snoke/app/Labyrinth/labyrinth.h...
Generating code for file /home/travis/build/echo-team/Snoke/app/Main.cpp...
Generating code for file /home/travis/build/echo-team/Snoke/app/Screens/mainMenu.cpp...
Generating code for file /home/travis/build/echo-team/Snoke/app/Screens/mainMenu.h...
Generating code for file /home/travis/build/echo-team/Snoke/app/SideMenu/SideMenu.cpp...
Generating code for file /home/travis/build/echo-team/Snoke/app/SideMenu/SideMenu.h...
Generating code for file /home/travis/build/echo-team/Snoke/app/Snake/snake.cpp...
Generating code for file /home/travis/build/echo-team/Snoke/app/Snake/snake.h...
Generating code for file /home/travis/build/echo-team/Snoke/README.md...
Generating code for file /home/travis/build/echo-team/Snoke/tests/ball_generateball_test.h...
Generating code for file /home/travis/build/echo-team/Snoke/tests/ball_init_test.h...
Generating code for file /home/travis/build/echo-team/Snoke/tests/game_init_test.h...
Generating code for file /home/travis/build/echo-team/Snoke/tests/labyrinth_addsnake_test.h...
Generating code for file /home/travis/build/echo-team/Snoke/tests/labyrinth_setlabyrinth_test.h...
Generating code for file /home/travis/build/echo-team/Snoke/tests/main.cpp...
Generating code for file /home/travis/build/echo-team/Snoke/tests/shared.h...
Generating code for file /home/travis/build/echo-team/Snoke/tests/snake_init_test.h...
Generating code for file /home/travis/build/echo-team/Snoke/tests/snake_setdirection_test.h...
Generating file documentation...
Generating docs for file /home/travis/build/echo-team/Snoke/app/Ball/ball.cpp...
Generating docs for file /home/travis/build/echo-team/Snoke/app/Ball/ball.h...
Generating docs for file /home/travis/build/echo-team/Snoke/app/Common/common.cpp...
Generating caller graph for function getConsoleSize
Generating caller graph for function inAddChange
Generating caller graph for function inRemChange
Generating caller graph for function mSleep
Generating docs for file /home/travis/build/echo-team/Snoke/app/Common/common.h...
Generating caller graph for function getConsoleSize
Generating caller graph for function inAddChange
Generating caller graph for function inRemChange
Generating caller graph for function mSleep
Generating docs for file /home/travis/build/echo-team/Snoke/app/Game/game.cpp...
Generating docs for file /home/travis/build/echo-team/Snoke/app/Game/game.h...
Generating docs for file /home/travis/build/echo-team/Snoke/app/Interface/interface.cpp...
Generating docs for file /home/travis/build/echo-team/Snoke/app/Interface/interface.h...
Generating docs for file /home/travis/build/echo-team/Snoke/app/Interface/logo.cpp...
Generating docs for file /home/travis/build/echo-team/Snoke/app/Interface/logo.h...
Generating docs for file /home/travis/build/echo-team/Snoke/app/Interface/menu.cpp...
Generating docs for file /home/travis/build/echo-team/Snoke/app/Interface/menu.h...
Generating docs for file /home/travis/build/echo-team/Snoke/app/Interface/navigator.cpp...
Generating docs for file /home/travis/build/echo-team/Snoke/app/Interface/navigator.h...
Generating docs for file /home/travis/build/echo-team/Snoke/app/Labyrinth/labyrinth.cpp...
Generating docs for file /home/travis/build/echo-team/Snoke/app/Labyrinth/labyrinth.h...
Generating docs for file /home/travis/build/echo-team/Snoke/app/Main.cpp...
Generating call graph for function main
Generating docs for file /home/travis/build/echo-team/Snoke/app/Screens/mainMenu.cpp...
Generating docs for file /home/travis/build/echo-team/Snoke/app/Screens/mainMenu.h...
Generating docs for file /home/travis/build/echo-team/Snoke/app/SideMenu/SideMenu.cpp...
Generating docs for file /home/travis/build/echo-team/Snoke/app/SideMenu/SideMenu.h...
Generating docs for file /home/travis/build/echo-team/Snoke/app/Snake/snake.cpp...
Generating docs for file /home/travis/build/echo-team/Snoke/app/Snake/snake.h...
Generating docs for file /home/travis/build/echo-team/Snoke/README.md...
Generating docs for file /home/travis/build/echo-team/Snoke/tests/ball_generateball_test.h...
Generating call graph for function TEST
Generating docs for file /home/travis/build/echo-team/Snoke/tests/ball_init_test.h...
Generating call graph for function TEST
Generating call graph for function TEST
Generating docs for file /home/travis/build/echo-team/Snoke/tests/game_init_test.h...
Generating call graph for function TEST
Generating call graph for function TEST
Generating call graph for function TEST
Generating call graph for function TEST
Generating docs for file /home/travis/build/echo-team/Snoke/tests/labyrinth_addsnake_test.h...
Generating call graph for function TEST
Generating call graph for function TEST
Generating call graph for function TEST
Generating docs for file /home/travis/build/echo-team/Snoke/tests/labyrinth_setlabyrinth_test.h...
Generating call graph for function TEST
Generating call graph for function TEST
Generating docs for file /home/travis/build/echo-team/Snoke/tests/main.cpp...
Generating docs for file /home/travis/build/echo-team/Snoke/tests/shared.h...
Generating docs for file /home/travis/build/echo-team/Snoke/tests/snake_init_test.h...
Generating call graph for function TEST
Generating call graph for function TEST
Generating call graph for function TEST
Generating call graph for function TEST
Generating call graph for function TEST
Generating call graph for function TEST
Generating docs for file /home/travis/build/echo-team/Snoke/tests/snake_setdirection_test.h...
Generating call graph for function TEST
Generating call graph for function TEST
Generating page documentation...
Generating docs for page md__home_travis_build_echo-team_Snoke_README...
Generating group documentation...
Generating class documentation...
Generating docs for compound Ball...
Generating call graph for function Ball::generateBall
Generating caller graph for function Ball::generateBall
Generating caller graph for function Ball::getCoords
Generating caller graph for function Ball::init
Generating docs for compound Game...
Generating call graph for function Game::init
Generating caller graph for function Game::init
Generating call graph for function Game::initBall
Generating caller graph for function Game::initBall
Generating caller graph for function Game::initChange
Generating call graph for function Game::initSnake
Generating caller graph for function Game::initSnake
Generating call graph for function Game::run
Generating caller graph for function Game::run
Generating caller graph for function Game::setSpeed
Generating caller graph for function Game::wipeChange
Generating docs for compound Labyrinth...
Generating call graph for function Labyrinth::addPoint
Generating caller graph for function Labyrinth::addPoint
Generating call graph for function Labyrinth::addSnake
Generating caller graph for function Labyrinth::addSnake
Generating caller graph for function Labyrinth::displayFull
Gener/home/travis/build/echo-team/Snoke/app/Labyrinth/labyrinth.cpp:13: warning: argument 'gameFieldSize' of command @param is not found in the argument list of Labyrinth::setLabyrinth(Point fieldSize)
/home/travis/build/echo-team/Snoke/app/Labyrinth/labyrinth.cpp:13: warning: The following parameters of Labyrinth::setLabyrinth(Point fieldSize) are not documented:
  parameter 'fieldSize'
/home/travis/build/echo-team/Snoke/app/Interface/logo.cpp:57: warning: Found unknown command `\constructor'
/home/travis/build/echo-team/Snoke/app/Interface/logo.cpp:57: warning: argument 'PointStyle' of command @param is not found in the argument list of Logo::Logo(int x, int y, PointStyle style, PointStyle shadowStyle, int language)
/home/travis/build/echo-team/Snoke/app/Interface/logo.cpp:57: warning: argument 'PointStyle' of command @param is not found in the argument list of Logo::Logo(int x, int y, PointStyle style, PointStyle shadowStyle, int language)
/home/travis/build/echo-team/Snoke/app/Interface/logo.cpp:57: warning: The following parameters of Logo::Logo(int x, int y, PointStyle style, PointStyle shadowStyle, int language) are not documented:
  parameter 'x'
  parameter 'y'
  parameter 'style'
  parameter 'shadowStyle'
  parameter 'language'
/home/travis/build/echo-team/Snoke/app/Interface/logo.cpp:4: warning: argument 'int' of command @param is not found in the argument list of Logo::setPosition(int left, int top)
/home/travis/build/echo-team/Snoke/app/Interface/logo.cpp:4: warning: argument 'int' of command @param is not found in the argument list of Logo::setPosition(int left, int top)
/home/travis/build/echo-team/Snoke/app/Interface/logo.cpp:4: warning: The following parameters of Logo::setPosition(int left, int top) are not documented:
  parameter 'left'
  parameter 'top'
/home/travis/build/echo-team/Snoke/app/Interface/menu.cpp:52: warning: Found unknown command `\constructor'
/home/travis/build/echo-team/Snoke/app/Interface/menu.cpp:52: warning: argument 'int' of command @param is not found in the argument list of Menu::Menu(int x, int y, int width, int height)
/home/travis/build/echo-team/Snoke/app/Interface/menu.cpp:52: warning: argument 'int' of command @param is not found in the argument list of Menu::Menu(int x, int y, int width, int height)
/home/travis/build/echo-team/Snoke/app/Interface/menu.cpp:52: warning: argument 'int' of command @param is not found in the argument list of Menu::Menu(int x, int y, int width, int height)
/home/travis/build/echo-team/Snoke/app/Interface/menu.cpp:52: warning: argument 'int' of command @param is not found in the argument list of Menu::Menu(int x, int y, int width, int height)
/home/travis/build/echo-team/Snoke/app/Interface/menu.cpp:52: warning: The following parameters of Menu::Menu(int x, int y, int width, int height) are not documented:
  parameter 'x'
  parameter 'y'
  parameter 'width'
  parameter 'height'
/home/travis/build/echo-team/Snoke/app/Interface/menu.cpp:4: warning: argument 'const' of command @param is not found in the argument list of Menu::addButton(const char *name)
/home/travis/build/echo-team/Snoke/app/Interface/menu.cpp:4: warning: The following parameters of Menu::addButton(const char *name) are not documented:
  parameter 'name'
/home/travis/build/echo-team/Snoke/app/Interface/menu.cpp:14: warning: Found unknown command `\override'
/home/travis/build/echo-team/Snoke/app/Interface/menu.cpp:15: warning: Found unknown command `\callback'
/home/travis/build/echo-team/Snoke/app/Interface/menu.cpp:13: warning: argument 'int' of command @param is not found in the argument list of Menu::focus(int index)
/home/travis/build/echo-team/Snoke/app/Interface/menu.cpp:13: warning: The following parameters of Menu::focus(int index) are not documented:
  parameter 'index'
/home/travis/build/echo-team/Snoke/app/Interface/menu.cpp:26: warning: Found unknown command `\override'
/home/travis/build/echo-team/Snoke/app/Interface/menu.cpp:27: warning: Found unknown command `\callback'
/home/travis/build/echo-team/Snoke/app/Interface/menu.cpp:25: warning: argument 'int' of command @param is not found in the argument list of Menu::unfocus(int index)
/home/travis/build/echo-team/Snoke/app/Interface/menu.cpp:25: warning: The following parameters of Menu::unfocus(int index) are not documented:
  parameter 'index'
/home/travis/build/echo-team/Snoke/app/Interface/navigator.cpp:70: warning: Found unknown command `\constructor'
/home/travis/build/echo-team/Snoke/app/Interface/navigator.cpp:4: warning: argument 'Widget' of command @param is not found in the argument list of Navigator::pushUnit(Widget *unit, int subunitsAmount)
/home/travis/build/echo-team/Snoke/app/Interface/navigator.cpp:4: warning: argument 'int' of command @param is not found in the argument list of Navigator::pushUnit(Widget *unit, int subunitsAmount)
/home/travis/build/echo-team/Snoke/app/Interface/navigator.cpp:4: warning: The following parameters of Navigator::pushUnit(Widget *unit, int subunitsAmount) are not documented:
  parameter 'unit'
  parameter 'subunitsAmount'
/home/travis/build/echo-team/Snoke/app/Interface/interface.cpp:5: warning: Found unknown command `\virtual'
/home/travis/build/echo-team/Snoke/app/Interface/interface.cpp:6: warning: Found unknown command `\callback'
/home/travis/build/echo-team/Snoke/app/Interface/interface.cpp:4: warning: argument 'int' of command @param is not found in the argument list of Widget::focus(int index)
/home/travis/build/echo-team/Snoke/app/Interface/interface.cpp:4: warning: The following parameters of Widget::focus(int index) are not documented:
  parameter 'index'
/home/travis/build/echo-team/Snoke/app/Interface/interface.cpp:14: warning: Found unknown command `\virtual'
/home/travis/build/echo-team/Snoke/app/Interface/interface.cpp:15: warning: Found unknown command `\callback'
/home/travis/build/echo-team/Snoke/app/Interface/interface.cpp:13: warning: argument 'int' of command @param is not found in the argument list of Widget::unfocus(int index)
/home/travis/build/echo-team/Snoke/app/Interface/interface.cpp:13: warning: The following parameters of Widget::unfocus(int index) are not documented:
  parameter 'index'
ating call graph for function Labyrinth::displayHandler
Generating caller graph for function Labyrinth::displayHandler
Generating caller graph for function Labyrinth::displayPartialy
Generating caller graph for function Labyrinth::displayUpdated
Generating call graph for function Labyrinth::forcedDisplay
Generating caller graph for function Labyrinth::forcedDisplay
Generating call graph for function Labyrinth::freeDisplay
Generating caller graph for function Labyrinth::freeDisplay
Generating caller graph for function Labyrinth::isFree
Generating caller graph for function Labyrinth::remPoint
Generating caller graph for function Labyrinth::save
Generating caller graph for function Labyrinth::setLabyrinth
Generating call graph for function Labyrinth::sizeHandler
Generating caller graph for function Labyrinth::sizeHandler
Generating call graph for function Labyrinth::updateLabyrinth
Generating caller graph for function Labyrinth::updateLabyrinth
Generating docs for compound Logo...
Generating docs for compound MainMenu...
Generating call graph for function MainMenu::draw
Generating docs for compound Menu...
Generating caller graph for function Menu::addButton
Generating caller graph for function Menu::draw
Generating docs for compound MenuButton...
Generating docs for compound NavigateUnit...
Generating docs for compound Navigator...
Generating caller graph for function Navigator::listen
Generating caller graph for function Navigator::pushUnit
Generating docs for compound Point...
Generating docs for compound PointStyle...
Generating docs for compound SideButton...
Generating docs for compound SideMenu...
Generating docs for compound Snake...
Generating call graph for function Snake::checkIntersection
Generating caller graph for function Snake::checkIntersection
Generating caller graph for function Snake::checkWisely
Generating caller graph for function Snake::getCoords
Generating caller graph for function Snake::getHeadCoords
Generating caller graph for function Snake::init
Generating call graph for function Snake::move
Generating caller graph for function Snake::move
Generating caller graph for function Snake::moveBack
Generating caller graph for function Snake::moveHead
Generating caller graph for function Snake::setDirection
Generating docs for compound Widget...
Generating namespace index...
Generating graph info page...
Generating directory documentation...
Generating dependency graph for directory /home/travis/build/echo-team/Snoke/app
Generating dependency graph for directory /home/travis/build/echo-team/Snoke/app/Ball
Generating dependency graph for directory /home/travis/build/echo-team/Snoke/app/Common
Generating dependency graph for directory /home/travis/build/echo-team/Snoke/app/Game
Generating dependency graph for directory /home/travis/build/echo-team/Snoke/app/Interface
Generating dependency graph for directory /home/travis/build/echo-team/Snoke/app/Labyrinth
Generating dependency graph for directory /home/travis/build/echo-team/Snoke/app/Screens
Generating dependency graph for directory /home/travis/build/echo-team/Snoke/app/SideMenu
Generating dependency graph for directory /home/travis/build/echo-team/Snoke/app/Snake
Generating dependency graph for directory /home/travis/build/echo-team/Snoke/tests
Generating index page...
Generating page index...
Generating module index...
Generating namespace index...
Generating namespace member index...
Generating annotated compound index...
Generating alphabetical compound index...
Generating hierarchical class index...
Generating graphical class hierarchy...
Generating member index...
Generating file index...
Generating file member index...
Generating example index...
finalizing index lists...
Running dot...
Generating dot graphs using 3 parallel threads...
Running dot for graph 1/169
Running dot for graph 2/169
Running dot for graph 3/169
Running dot for graph 4/169
Running dot for graph 5/169
Running dot for graph 6/169
Running dot for graph 7/169
Running dot for graph 8/169
Running dot for graph 9/169
Running dot for graph 10/169
Running dot for graph 11/169
Running dot for graph 12/169
Running dot for graph 13/169
Running dot for graph 14/169
Running dot for graph 15/169
Running dot for graph 16/169
Running dot for graph 17/169
Running dot for graph 18/169
Running dot for graph 19/169
Running dot for graph 20/169
Running dot for graph 21/169
Running dot for graph 22/169
Running dot for graph 23/169
Running dot for graph 24/169
Running dot for graph 25/169
Running dot for graph 26/169
Running dot for graph 27/169
Running dot for graph 28/169
Running dot for graph 29/169
Running dot for graph 30/169
Running dot for graph 31/169
Running dot for graph 32/169
Running dot for graph 33/169
Running dot for graph 34/169
Running dot for graph 35/169
Running dot for graph 36/169
Running dot for graph 37/169
Running dot for graph 38/169
Running dot for graph 39/169
Running dot for graph 40/169
Running dot for graph 41/169
Running dot for graph 42/169
Running dot for graph 43/169
Running dot for graph 44/169
Running dot for graph 45/169
Running dot for graph 46/169
Running dot for graph 47/169
Running dot for graph 48/169
Running dot for graph 49/169
Running dot for graph 50/169
Running dot for graph 51/169
Running dot for graph 52/169
Running dot for graph 53/169
Running dot for graph 54/169
Running dot for graph 55/169
Running dot for graph 56/169
Running dot for graph 57/169
Running dot for graph 58/169
Running dot for graph 59/169
Running dot for graph 60/169
Running dot for graph 61/169
Running dot for graph 62/169
Running dot for graph 63/169
Running dot for graph 64/169
Running dot for graph 65/169
Running dot for graph 66/169
Running dot for graph 67/169
Running dot for graph 68/169
Running dot for graph 69/169
Running dot for graph 70/169
Running dot for graph 71/169
Running dot for graph 72/169
Running dot for graph 73/169
Running dot for graph 74/169
Running dot for graph 75/169
Running dot for graph 76/169
Running dot for graph 77/169
Running dot for graph 78/169
Running dot for graph 79/169
Running dot for graph 80/169
Running dot for graph 81/169
Running dot for graph 82/169
Running dot for graph 83/169
Running dot for graph 84/169
Running dot for graph 85/169
Running dot for graph 86/169
Running dot for graph 87/169
Running dot for graph 88/169
Running dot for graph 89/169
Running dot for graph 90/169
Running dot for graph 91/169
Running dot for graph 92/169
Running dot for graph 93/169
Running dot for graph 94/169
Running dot for graph 95/169
Running dot for graph 96/169
Running dot for graph 97/169
Running dot for graph 98/169
Running dot for graph 99/169
Running dot for graph 100/169
Running dot for graph 101/169
Running dot for graph 102/169
Running dot for graph 103/169
Running dot for graph 104/169
Running dot for graph 105/169
Running dot for graph 106/169
Running dot for graph 107/169
Running dot for graph 108/169
Running dot for graph 109/169
Running dot for graph 110/169
Running dot for graph 111/169
Running dot for graph 112/169
Running dot for graph 113/169
Running dot for graph 114/169
Running dot for graph 115/169
Running dot for graph 116/169
Running dot for graph 117/169
Running dot for graph 118/169
Running dot for graph 119/169
Running dot for graph 120/169
Running dot for graph 121/169
Running dot for graph 122/169
Running dot for graph 123/169
Running dot for graph 124/169
Running dot for graph 125/169
Running dot for graph 126/169
Running dot for graph 127/169
Running dot for graph 128/169
Running dot for graph 129/169
Running dot for graph 130/169
Running dot for graph 131/169
Running dot for graph 132/169
Running dot for graph 133/169
Running dot for graph 134/169
Running dot for graph 135/169
Running dot for graph 136/169
Running dot for graph 137/169
Running dot for graph 138/169
Running dot for graph 139/169
Running dot for graph 140/169
Running dot for graph 141/169
Running dot for graph 142/169
Running dot for graph 143/169
Running dot for graph 144/169
Running dot for graph 145/169
Running dot for graph 146/169
Running dot for graph 147/169
Running dot for graph 148/169
Running dot for graph 149/169
Running dot for graph 150/169
Running dot for graph 151/169
Running dot for graph 152/169
Running dot for graph 153/169
Running dot for graph 154/169
Running dot for graph 155/169
Running dot for graph 156/169
Running dot for graph 157/169
Running dot for graph 158/169
Running dot for graph 159/169
Running dot for graph 160/169
Running dot for graph 161/169
Running dot for graph 162/169
Running dot for graph 163/169
Running dot for graph 164/169
Running dot for graph 165/169
Running dot for graph 166/169
Running dot for graph 167/169
Running dot for graph 168/169
Running dot for graph 169/169
Patching output file 1/57
Patching output file 2/57
Patching output file 3/57
Patching output file 4/57
Patching output file 5/57
Patching output file 6/57
Patching output file 7/57
Patching output file 8/57
Patching output file 9/57
Patching output file 10/57
Patching output file 11/57
Patching output file 12/57
Patching output file 13/57
Patching output file 14/57
Patching output file 15/57
Patching output file 16/57
Patching output file 17/57
Patching output file 18/57
Patching output file 19/57
Patching output file 20/57
Patching output file 21/57
Patching output file 22/57
Patching output file 23/57
Patching output file 24/57
Patching output file 25/57
Patching output file 26/57
Patching output file 27/57
Patching output file 28/57
Patching output file 29/57
Patching output file 30/57
Patching output file 31/57
Patching output file 32/57
Patching output file 33/57
Patching output file 34/57
Patching output file 35/57
Patching output file 36/57
Patching output file 37/57
Patching output file 38/57
Patching output file 39/57
Patching output file 40/57
Patching output file 41/57
Patching output file 42/57
Patching output file 43/57
Patching output file 44/57
Patching output file 45/57
Patching output file 46/57
Patching output file 47/57
Patching output file 48/57
Patching output file 49/57
Patching output file 50/57
Patching output file 51/57
Patching output file 52/57
Patching output file 53/57
Patching output file 54/57
Patching output file 55/57
Patching output file 56/57
Patching output file 57/57
lookup cache used 492/65536 hits=4531 misses=595
finished...
